<?xml version="1.0" encoding="utf-8"?><testsuites name="pytest tests"><testsuite name="pytest" errors="0" failures="0" skipped="0" tests="12" time="2.608" timestamp="2026-03-05T02:50:57.799337+00:00" hostname="agent-env-a579dfa9-b0d8-400f-ac21-3b7cb546b2e0"><testcase classname="backend.tests.test_api.TestRootEndpoint" name="test_root_returns_welcome_message" time="0.289" /><testcase classname="backend.tests.test_api.TestDashboardEndpoint" name="test_dashboard_returns_full_data" time="0.185" /><testcase classname="backend.tests.test_api.TestHistoryEndpoint" name="test_history_returns_events_list" time="0.170" /><testcase classname="backend.tests.test_api.TestHistoryEndpoint" name="test_history_with_limit" time="0.127" /><testcase classname="backend.tests.test_api.TestCellRecordsEndpoint" name="test_cell_records_returns_list" time="0.141" /><testcase classname="backend.tests.test_api.TestCellRecordsEndpoint" name="test_cell_records_structure" time="0.275" /><testcase classname="backend.tests.test_api.TestSettingsEndpoints" name="test_get_settings" time="0.121" /><testcase classname="backend.tests.test_api.TestSettingsEndpoints" name="test_put_settings_updates_and_returns" time="0.359" /><testcase classname="backend.tests.test_api.TestSessionEndpoints" name="test_start_session" time="0.103" /><testcase classname="backend.tests.test_api.TestSessionEndpoints" name="test_stop_session" time="0.216" /><testcase classname="backend.tests.test_api.TestDataManagement" name="test_clear_data" time="0.385" /><testcase classname="backend.tests.test_api.TestStatsEndpoint" name="test_stats_returns_data" time="0.119" /></testsuite></testsuites>